# JRE version: Java(TM) SE Runtime Environment (8.0_401) (build 1.8.0_401-b10)
# Java VM: Java HotSpot(TM) 64-Bit Server VM (25.401-b10 mixed mode bsd-amd64 compressed oops)
Heap:
 PSYoungGen      total 441344K, used 257853K [0x0000000715580000, 0x0000000731480000, 0x00000007c0000000)
  eden space 428032K, 57% used [0x0000000715580000,0x00000007246bbc88,0x000000072f780000)
  from space 13312K, 81% used [0x0000000730780000,0x0000000731213880,0x0000000731480000)
  to   space 14848K, 0% used [0x000000072f780000,0x000000072f780000,0x0000000730600000)
 ParOldGen       total 194048K, used 11102K [0x00000005c0000000, 0x00000005cbd80000, 0x0000000715580000)
  object space 194048K, 5% used [0x00000005c0000000,0x00000005c0ad7908,0x00000005cbd80000)
 Metaspace       used 28257K, capacity 29610K, committed 29696K, reserved 1075200K
  class space    used 3786K, capacity 4074K, committed 4096K, reserved 1048576K
GC Heap History (10 events):
Event: 282.713 GC heap before
{Heap before GC invocations=3 (full 1):
 PSYoungGen      total 153088K, used 131584K [0x0000000715580000, 0x0000000728080000, 0x00000007c0000000)
  eden space 131584K, 100% used [0x0000000715580000,0x000000071d600000,0x000000071d600000)
  from space 21504K, 0% used [0x000000071d600000,0x000000071d600000,0x000000071eb00000)
  to   space 21504K, 0% used [0x0000000726b80000,0x0000000726b80000,0x0000000728080000)
 ParOldGen       total 194048K, used 11062K [0x00000005c0000000, 0x00000005cbd80000, 0x0000000715580000)
  object space 194048K, 5% used [0x00000005c0000000,0x00000005c0acd908,0x00000005cbd80000)
 Metaspace       used 28245K, capacity 29610K, committed 29696K, reserved 1075200K
  class space    used 3784K, capacity 4074K, committed 4096K, reserved 1048576K
Event: 282.733 GC heap after
Heap after GC invocations=3 (full 1):
 PSYoungGen      total 144896K, used 13050K [0x0000000715580000, 0x0000000727880000, 0x00000007c0000000)
  eden space 131584K, 0% used [0x0000000715580000,0x0000000715580000,0x000000071d600000)
  from space 13312K, 98% used [0x0000000726b80000,0x000000072783e930,0x0000000727880000)
  to   space 21504K, 0% used [0x0000000724e80000,0x0000000724e80000,0x0000000726380000)
 ParOldGen       total 194048K, used 11070K [0x00000005c0000000, 0x00000005cbd80000, 0x0000000715580000)
  object space 194048K, 5% used [0x00000005c0000000,0x00000005c0acf908,0x00000005cbd80000)
 Metaspace       used 28245K, capacity 29610K, committed 29696K, reserved 1075200K
  class space    used 3784K, capacity 4074K, committed 4096K, reserved 1048576K
}
Event: 282.999 GC heap before
{Heap before GC invocations=4 (full 1):
 PSYoungGen      total 144896K, used 144634K [0x0000000715580000, 0x0000000727880000, 0x00000007c0000000)
  eden space 131584K, 100% used [0x0000000715580000,0x000000071d600000,0x000000071d600000)
  from space 13312K, 98% used [0x0000000726b80000,0x000000072783e930,0x0000000727880000)
  to   space 21504K, 0% used [0x0000000724e80000,0x0000000724e80000,0x0000000726380000)
 ParOldGen       total 194048K, used 11070K [0x00000005c0000000, 0x00000005cbd80000, 0x0000000715580000)
  object space 194048K, 5% used [0x00000005c0000000,0x00000005c0acf908,0x00000005cbd80000)
 Metaspace       used 28257K, capacity 29610K, committed 29696K, reserved 1075200K
  class space    used 3786K, capacity 4074K, committed 4096K, reserved 1048576K
Event: 283.007 GC heap after
Heap after GC invocations=4 (full 1):
 PSYoungGen      total 228864K, used 10798K [0x0000000715580000, 0x0000000726c00000, 0x00000007c0000000)
  eden space 217600K, 0% used [0x0000000715580000,0x0000000715580000,0x0000000722a00000)
  from space 11264K, 95% used [0x0000000724e80000,0x000000072590b880,0x0000000725980000)
  to   space 18944K, 0% used [0x0000000725980000,0x0000000725980000,0x0000000726c00000)
 ParOldGen       total 194048K, used 11078K [0x00000005c0000000, 0x00000005cbd80000, 0x0000000715580000)
  object space 194048K, 5% used [0x00000005c0000000,0x00000005c0ad1908,0x00000005cbd80000)
 Metaspace       used 28257K, capacity 29610K, committed 29696K, reserved 1075200K
  class space    used 3786K, capacity 4074K, committed 4096K, reserved 1048576K
}
Event: 283.380 GC heap before
{Heap before GC invocations=5 (full 1):
 PSYoungGen      total 228864K, used 228398K [0x0000000715580000, 0x0000000726c00000, 0x00000007c0000000)
  eden space 217600K, 100% used [0x0000000715580000,0x0000000722a00000,0x0000000722a00000)
  from space 11264K, 95% used [0x0000000724e80000,0x000000072590b880,0x0000000725980000)
  to   space 18944K, 0% used [0x0000000725980000,0x0000000725980000,0x0000000726c00000)
 ParOldGen       total 194048K, used 11078K [0x00000005c0000000, 0x00000005cbd80000, 0x0000000715580000)
  object space 194048K, 5% used [0x00000005c0000000,0x00000005c0ad1908,0x00000005cbd80000)
 Metaspace       used 28257K, capacity 29610K, committed 29696K, reserved 1075200K
  class space    used 3786K, capacity 4074K, committed 4096K, reserved 1048576K
Event: 283.392 GC heap after
Heap after GC invocations=5 (full 1):
 PSYoungGen      total 263680K, used 10814K [0x0000000715580000, 0x000000072ec00000, 0x00000007c0000000)
  eden space 244736K, 0% used [0x0000000715580000,0x0000000715580000,0x0000000724480000)
  from space 18944K, 57% used [0x0000000725980000,0x000000072640f870,0x0000000726c00000)
  to   space 21504K, 0% used [0x0000000724480000,0x0000000724480000,0x0000000725980000)
 ParOldGen       total 194048K, used 11086K [0x00000005c0000000, 0x00000005cbd80000, 0x0000000715580000)
  object space 194048K, 5% used [0x00000005c0000000,0x00000005c0ad3908,0x00000005cbd80000)
 Metaspace       used 28257K, capacity 29610K, committed 29696K, reserved 1075200K
  class space    used 3786K, capacity 4074K, committed 4096K, reserved 1048576K
}
Event: 283.798 GC heap before
{Heap before GC invocations=6 (full 1):
 PSYoungGen      total 263680K, used 255550K [0x0000000715580000, 0x000000072ec00000, 0x00000007c0000000)
  eden space 244736K, 100% used [0x0000000715580000,0x0000000724480000,0x0000000724480000)
  from space 18944K, 57% used [0x0000000725980000,0x000000072640f870,0x0000000726c00000)
  to   space 21504K, 0% used [0x0000000724480000,0x0000000724480000,0x0000000725980000)
 ParOldGen       total 194048K, used 11086K [0x00000005c0000000, 0x00000005cbd80000, 0x0000000715580000)
  object space 194048K, 5% used [0x00000005c0000000,0x00000005c0ad3908,0x00000005cbd80000)
 Metaspace       used 28257K, capacity 29610K, committed 29696K, reserved 1075200K
  class space    used 3786K, capacity 4074K, committed 4096K, reserved 1048576K
Event: 283.812 GC heap after
Heap after GC invocations=6 (full 1):
 PSYoungGen      total 266240K, used 10830K [0x0000000715580000, 0x0000000731680000, 0x00000007c0000000)
  eden space 244736K, 0% used [0x0000000715580000,0x0000000715580000,0x0000000724480000)
  from space 21504K, 50% used [0x0000000724480000,0x0000000724f13880,0x0000000725980000)
  to   space 15360K, 0% used [0x0000000730780000,0x0000000730780000,0x0000000731680000)
 ParOldGen       total 194048K, used 11086K [0x00000005c0000000, 0x00000005cbd80000, 0x0000000715580000)
  object space 194048K, 5% used [0x00000005c0000000,0x00000005c0ad3908,0x00000005cbd80000)
 Metaspace       used 28257K, capacity 29610K, committed 29696K, reserved 1075200K
  class space    used 3786K, capacity 4074K, committed 4096K, reserved 1048576K
}
Event: 284.213 GC heap before
{Heap before GC invocations=7 (full 1):
 PSYoungGen      total 266240K, used 255566K [0x0000000715580000, 0x0000000731680000, 0x00000007c0000000)
  eden space 244736K, 100% used [0x0000000715580000,0x0000000724480000,0x0000000724480000)
  from space 21504K, 50% used [0x0000000724480000,0x0000000724f13880,0x0000000725980000)
  to   space 15360K, 0% used [0x0000000730780000,0x0000000730780000,0x0000000731680000)
 ParOldGen       total 194048K, used 11086K [0x00000005c0000000, 0x00000005cbd80000, 0x0000000715580000)
  object space 194048K, 5% used [0x00000005c0000000,0x00000005c0ad3908,0x00000005cbd80000)
 Metaspace       used 28257K, capacity 29610K, committed 29696K, reserved 1075200K
  class space    used 3786K, capacity 4074K, committed 4096K, reserved 1048576K
Event: 284.221 GC heap after
Heap after GC invocations=7 (full 1):
 PSYoungGen      total 441344K, used 10830K [0x0000000715580000, 0x0000000731480000, 0x00000007c0000000)
  eden space 428032K, 0% used [0x0000000715580000,0x0000000715580000,0x000000072f780000)
  from space 13312K, 81% used [0x0000000730780000,0x0000000731213880,0x0000000731480000)
  to   space 14848K, 0% used [0x000000072f780000,0x000000072f780000,0x0000000730600000)
 ParOldGen       total 194048K, used 11102K [0x00000005c0000000, 0x00000005cbd80000, 0x0000000715580000)
  object space 194048K, 5% used [0x00000005c0000000,0x00000005c0ad7908,0x00000005cbd80000)
 Metaspace       used 28257K, capacity 29610K, committed 29696K, reserved 1075200K
  class space    used 3786K, capacity 4074K, committed 4096K, reserved 1048576K
}

